{
  "0 debug pnpm:scope": {
    "selected": 1,
    "workspacePrefix": "/sgoinfre/goinfre/Perso/adda-sil/polypong"
  },
  "1 error pnpm": {
    "errno": 1,
    "code": "ELIFECYCLE",
    "pkgid": "@polypong/stack@",
    "stage": "start",
    "script": "node server.js",
    "pkgname": "@polypong/stack",
    "err": {
      "name": "pnpm",
      "message": "@polypong/stack@ start: `node server.js`\nExit status 1",
      "code": "ELIFECYCLE",
      "stack": "pnpm: @polypong/stack@ start: `node server.js`\nExit status 1\n    at EventEmitter.<anonymous> (/sgoinfre/goinfre/Perso/adda-sil/.nvm/versions/node/v16.15.0/lib/node_modules/pnpm/dist/pnpm.cjs:106731:20)\n    at EventEmitter.emit (node:events:527:28)\n    at ChildProcess.<anonymous> (/sgoinfre/goinfre/Perso/adda-sil/.nvm/versions/node/v16.15.0/lib/node_modules/pnpm/dist/pnpm.cjs:93300:18)\n    at ChildProcess.emit (node:events:527:28)\n    at maybeClose (node:internal/child_process:1092:16)\n    at Process.ChildProcess._handle.onexit (node:internal/child_process:302:5)"
    }
  }
}